  [1m[35m (5.9ms)[0m  [1m[35mCREATE TABLE "schema_migrations" ("version" varchar NOT NULL PRIMARY KEY)[0m
  [1m[35m (6.0ms)[0m  [1m[35mCREATE TABLE "ar_internal_metadata" ("key" varchar NOT NULL PRIMARY KEY, "value" varchar, "created_at" datetime(6) NOT NULL, "updated_at" datetime(6) NOT NULL)[0m
  [1m[36mActiveRecord::SchemaMigration Pluck (0.3ms)[0m  [1m[34mSELECT "schema_migrations"."version" FROM "schema_migrations" ORDER BY "schema_migrations"."version" ASC[0m
Migrating to CreateUsers (20230413232841)
  [1m[36mTRANSACTION (0.2ms)[0m  [1m[36mbegin transaction[0m
  [1m[35m (1.0ms)[0m  [1m[35mCREATE TABLE "users" ("id" integer PRIMARY KEY AUTOINCREMENT NOT NULL, "email" varchar, "password" varchar, "created_at" datetime(6) NOT NULL, "updated_at" datetime(6) NOT NULL)[0m
  [1m[36mActiveRecord::SchemaMigration Create (1.1ms)[0m  [1m[32mINSERT INTO "schema_migrations" ("version") VALUES (?)[0m  [["version", "20230413232841"]]
  [1m[36mTRANSACTION (6.5ms)[0m  [1m[36mcommit transaction[0m
  [1m[36mActiveRecord::InternalMetadata Load (0.5ms)[0m  [1m[34mSELECT "ar_internal_metadata".* FROM "ar_internal_metadata" WHERE "ar_internal_metadata"."key" = ? LIMIT ?[0m  [["key", "environment"], ["LIMIT", 1]]
  [1m[36mTRANSACTION (0.2ms)[0m  [1m[36mbegin transaction[0m
  [1m[36mActiveRecord::InternalMetadata Create (0.6ms)[0m  [1m[32mINSERT INTO "ar_internal_metadata" ("key", "value", "created_at", "updated_at") VALUES (?, ?, ?, ?)[0m  [["key", "environment"], ["value", "development"], ["created_at", "2023-04-13 23:30:53.611412"], ["updated_at", "2023-04-13 23:30:53.611412"]]
  [1m[36mTRANSACTION (9.5ms)[0m  [1m[36mcommit transaction[0m
  [1m[36mActiveRecord::SchemaMigration Pluck (0.4ms)[0m  [1m[34mSELECT "schema_migrations"."version" FROM "schema_migrations" ORDER BY "schema_migrations"."version" ASC[0m
  [1m[35m (4.9ms)[0m  [1m[35mCREATE TABLE "schema_migrations" ("version" varchar NOT NULL PRIMARY KEY)[0m
  [1m[35m (5.0ms)[0m  [1m[35mCREATE TABLE "ar_internal_metadata" ("key" varchar NOT NULL PRIMARY KEY, "value" varchar, "created_at" datetime(6) NOT NULL, "updated_at" datetime(6) NOT NULL)[0m
  [1m[36mActiveRecord::SchemaMigration Pluck (0.2ms)[0m  [1m[34mSELECT "schema_migrations"."version" FROM "schema_migrations" ORDER BY "schema_migrations"."version" ASC[0m
Migrating to AddEmailToUsers (20230416223314)
  [1m[36mTRANSACTION (0.1ms)[0m  [1m[36mbegin transaction[0m
  [1m[35m (0.2ms)[0m  [1m[35mALTER TABLE "users" ADD "email" varchar[0m
  [1m[36mTRANSACTION (0.1ms)[0m  [1m[31mrollback transaction[0m
  [1m[35m (5.3ms)[0m  [1m[35mCREATE TABLE "schema_migrations" ("version" varchar NOT NULL PRIMARY KEY)[0m
  [1m[35m (5.2ms)[0m  [1m[35mCREATE TABLE "ar_internal_metadata" ("key" varchar NOT NULL PRIMARY KEY, "value" varchar, "created_at" datetime(6) NOT NULL, "updated_at" datetime(6) NOT NULL)[0m
  [1m[36mActiveRecord::SchemaMigration Pluck (0.2ms)[0m  [1m[34mSELECT "schema_migrations"."version" FROM "schema_migrations" ORDER BY "schema_migrations"."version" ASC[0m
Migrating to CreateUsers (20230418074711)
  [1m[36mTRANSACTION (0.2ms)[0m  [1m[36mbegin transaction[0m
  [1m[35m (0.6ms)[0m  [1m[35mCREATE TABLE "users" ("id" integer PRIMARY KEY AUTOINCREMENT NOT NULL, "username" varchar, "email" varchar, "password_digest" varchar, "created_at" datetime(6) NOT NULL, "updated_at" datetime(6) NOT NULL)[0m
  [1m[36mActiveRecord::SchemaMigration Create (0.2ms)[0m  [1m[32mINSERT INTO "schema_migrations" ("version") VALUES (?)[0m  [["version", "20230418074711"]]
  [1m[36mTRANSACTION (9.3ms)[0m  [1m[36mcommit transaction[0m
  [1m[36mActiveRecord::InternalMetadata Load (0.2ms)[0m  [1m[34mSELECT "ar_internal_metadata".* FROM "ar_internal_metadata" WHERE "ar_internal_metadata"."key" = ? LIMIT ?[0m  [["key", "environment"], ["LIMIT", 1]]
  [1m[36mTRANSACTION (0.1ms)[0m  [1m[36mbegin transaction[0m
  [1m[36mActiveRecord::InternalMetadata Create (0.3ms)[0m  [1m[32mINSERT INTO "ar_internal_metadata" ("key", "value", "created_at", "updated_at") VALUES (?, ?, ?, ?)[0m  [["key", "environment"], ["value", "development"], ["created_at", "2023-04-18 08:14:21.497771"], ["updated_at", "2023-04-18 08:14:21.497771"]]
  [1m[36mTRANSACTION (4.1ms)[0m  [1m[36mcommit transaction[0m
  [1m[36mActiveRecord::SchemaMigration Pluck (0.1ms)[0m  [1m[34mSELECT "schema_migrations"."version" FROM "schema_migrations" ORDER BY "schema_migrations"."version" ASC[0m
Started POST "/signup" for 127.0.0.1 at 2023-04-18 11:27:28 +0300
  [1m[36mActiveRecord::SchemaMigration Pluck (0.4ms)[0m  [1m[34mSELECT "schema_migrations"."version" FROM "schema_migrations" ORDER BY "schema_migrations"."version" ASC[0m
  
LoadError (cannot load such file -- bcrypt):
  
app/models/user.rb:2:in `<class:User>'
app/models/user.rb:1:in `<top (required)>'
Started POST "/signup" for 127.0.0.1 at 2023-04-18 11:32:55 +0300
  [1m[36mActiveRecord::SchemaMigration Pluck (0.3ms)[0m  [1m[34mSELECT "schema_migrations"."version" FROM "schema_migrations" ORDER BY "schema_migrations"."version" ASC[0m
Processing by UsersController#create as */*
  Parameters: {"username"=>"sundus", "email"=>"sundus@gmail.com", "password"=>"[FILTERED]", "user"=>{"username"=>"sundus", "email"=>"sundus@gmail.com"}}
  [1m[36mTRANSACTION (0.1ms)[0m  [1m[36mbegin transaction[0m
  ↳ app/controllers/users_controller.rb:20:in `create'
  [1m[36mUser Exists? (0.3ms)[0m  [1m[34mSELECT 1 AS one FROM "users" WHERE "users"."email" = ? LIMIT ?[0m  [["email", "sundus@gmail.com"], ["LIMIT", 1]]
  ↳ app/controllers/users_controller.rb:20:in `create'
  [1m[36mTRANSACTION (0.1ms)[0m  [1m[31mrollback transaction[0m
  ↳ app/controllers/users_controller.rb:20:in `create'
  [1m[36mUser Exists? (0.2ms)[0m  [1m[34mSELECT 1 AS one FROM "users" WHERE "users"."email" = ? LIMIT ?[0m  [["email", "sundus@gmail.com"], ["LIMIT", 1]]
  ↳ app/controllers/users_controller.rb:22:in `create'
Completed 422 Unprocessable Entity in 70ms (Views: 10.0ms | ActiveRecord: 1.4ms | Allocations: 44247)


Started POST "/signup" for 127.0.0.1 at 2023-04-18 11:33:21 +0300
Processing by UsersController#create as */*
  Parameters: {"username"=>"sundus", "email"=>"sundus@gmail.com", "password"=>"[FILTERED]", "user"=>{"username"=>"sundus", "email"=>"sundus@gmail.com"}}
[31mUnpermitted parameters: :password, :user. Context: { controller: UsersController, action: create, request: #<ActionDispatch::Request:0x00007f532907f958>, params: {"username"=>"sundus", "email"=>"sundus@gmail.com", "password"=>"[FILTERED]", "controller"=>"users", "action"=>"create", "user"=>{"username"=>"sundus", "email"=>"sundus@gmail.com"}} }[0m
  [1m[36mTRANSACTION (0.1ms)[0m  [1m[36mbegin transaction[0m
  ↳ app/controllers/users_controller.rb:20:in `create'
  [1m[36mUser Exists? (0.2ms)[0m  [1m[34mSELECT 1 AS one FROM "users" WHERE "users"."email" = ? LIMIT ?[0m  [["email", "sundus@gmail.com"], ["LIMIT", 1]]
  ↳ app/controllers/users_controller.rb:20:in `create'
  [1m[36mTRANSACTION (0.1ms)[0m  [1m[31mrollback transaction[0m
  ↳ app/controllers/users_controller.rb:20:in `create'
  [1m[36mUser Exists? (0.2ms)[0m  [1m[34mSELECT 1 AS one FROM "users" WHERE "users"."email" = ? LIMIT ?[0m  [["email", "sundus@gmail.com"], ["LIMIT", 1]]
  ↳ app/controllers/users_controller.rb:22:in `create'
Completed 422 Unprocessable Entity in 18ms (Views: 1.2ms | ActiveRecord: 1.8ms | Allocations: 5225)


Started POST "/signup" for 127.0.0.1 at 2023-04-18 11:33:44 +0300
Processing by UsersController#create as */*
  Parameters: {"username"=>"sundus", "email"=>"sundus@gmail.com", "password"=>"[FILTERED]", "user"=>{"username"=>"sundus", "email"=>"sundus@gmail.com"}}
[31mUnpermitted parameter: :user. Context: { controller: UsersController, action: create, request: #<ActionDispatch::Request:0x00007f53290e5708>, params: {"username"=>"sundus", "email"=>"sundus@gmail.com", "password"=>"[FILTERED]", "controller"=>"users", "action"=>"create", "user"=>{"username"=>"sundus", "email"=>"sundus@gmail.com"}} }[0m
  [1m[36mTRANSACTION (0.1ms)[0m  [1m[36mbegin transaction[0m
  ↳ app/controllers/users_controller.rb:20:in `create'
  [1m[36mUser Exists? (0.3ms)[0m  [1m[34mSELECT 1 AS one FROM "users" WHERE "users"."email" = ? LIMIT ?[0m  [["email", "sundus@gmail.com"], ["LIMIT", 1]]
  ↳ app/controllers/users_controller.rb:20:in `create'
  [1m[36mUser Create (0.4ms)[0m  [1m[32mINSERT INTO "users" ("username", "email", "password_digest", "created_at", "updated_at") VALUES (?, ?, ?, ?, ?)[0m  [["username", "sundus"], ["email", "sundus@gmail.com"], ["password_digest", "[FILTERED]"], ["created_at", "2023-04-18 08:33:44.829861"], ["updated_at", "2023-04-18 08:33:44.829861"]]
  ↳ app/controllers/users_controller.rb:20:in `create'
  [1m[36mTRANSACTION (14.5ms)[0m  [1m[36mcommit transaction[0m
  ↳ app/controllers/users_controller.rb:20:in `create'
  [1m[36mUser Exists? (0.3ms)[0m  [1m[34mSELECT 1 AS one FROM "users" WHERE "users"."email" = ? AND "users"."id" != ? LIMIT ?[0m  [["email", "sundus@gmail.com"], ["id", 1], ["LIMIT", 1]]
  ↳ app/controllers/users_controller.rb:22:in `create'
Completed 500 Internal Server Error in 371ms (ActiveRecord: 17.0ms | Allocations: 7795)


  
NameError (uninitialized constant UsersController::UserSerializer):
  
app/controllers/users_controller.rb:24:in `create'
Started POST "/signup" for 127.0.0.1 at 2023-04-18 11:34:29 +0300
Processing by UsersController#create as */*
  Parameters: {"username"=>"sundus", "email"=>"sundus@gmail.com", "password"=>"[FILTERED]", "user"=>{"username"=>"sundus", "email"=>"sundus@gmail.com"}}
[31mUnpermitted parameter: :user. Context: { controller: UsersController, action: create, request: #<ActionDispatch::Request:0x00007f53183d2e18>, params: {"username"=>"sundus", "email"=>"sundus@gmail.com", "password"=>"[FILTERED]", "controller"=>"users", "action"=>"create", "user"=>{"username"=>"sundus", "email"=>"sundus@gmail.com"}} }[0m
  [1m[36mTRANSACTION (0.1ms)[0m  [1m[36mbegin transaction[0m
  ↳ app/controllers/users_controller.rb:20:in `create'
  [1m[36mUser Exists? (0.3ms)[0m  [1m[34mSELECT 1 AS one FROM "users" WHERE "users"."email" = ? LIMIT ?[0m  [["email", "sundus@gmail.com"], ["LIMIT", 1]]
  ↳ app/controllers/users_controller.rb:20:in `create'
  [1m[36mTRANSACTION (0.1ms)[0m  [1m[31mrollback transaction[0m
  ↳ app/controllers/users_controller.rb:20:in `create'
  [1m[36mUser Exists? (0.3ms)[0m  [1m[34mSELECT 1 AS one FROM "users" WHERE "users"."email" = ? LIMIT ?[0m  [["email", "sundus@gmail.com"], ["LIMIT", 1]]
  ↳ app/controllers/users_controller.rb:22:in `create'
Completed 422 Unprocessable Entity in 334ms (Views: 1.5ms | ActiveRecord: 1.8ms | Allocations: 5366)


Started POST "/signup" for 127.0.0.1 at 2023-04-18 11:34:39 +0300
Processing by UsersController#create as */*
  Parameters: {"username"=>"sundus", "email"=>"sundus01@gmail.com", "password"=>"[FILTERED]", "user"=>{"username"=>"sundus", "email"=>"sundus01@gmail.com"}}
[31mUnpermitted parameter: :user. Context: { controller: UsersController, action: create, request: #<ActionDispatch::Request:0x00007f53185c10d0>, params: {"username"=>"sundus", "email"=>"sundus01@gmail.com", "password"=>"[FILTERED]", "controller"=>"users", "action"=>"create", "user"=>{"username"=>"sundus", "email"=>"sundus01@gmail.com"}} }[0m
  [1m[36mTRANSACTION (0.1ms)[0m  [1m[36mbegin transaction[0m
  ↳ app/controllers/users_controller.rb:20:in `create'
  [1m[36mUser Exists? (0.3ms)[0m  [1m[34mSELECT 1 AS one FROM "users" WHERE "users"."email" = ? LIMIT ?[0m  [["email", "sundus01@gmail.com"], ["LIMIT", 1]]
  ↳ app/controllers/users_controller.rb:20:in `create'
  [1m[36mUser Create (0.4ms)[0m  [1m[32mINSERT INTO "users" ("username", "email", "password_digest", "created_at", "updated_at") VALUES (?, ?, ?, ?, ?)[0m  [["username", "sundus"], ["email", "sundus01@gmail.com"], ["password_digest", "[FILTERED]"], ["created_at", "2023-04-18 08:34:39.450042"], ["updated_at", "2023-04-18 08:34:39.450042"]]
  ↳ app/controllers/users_controller.rb:20:in `create'
  [1m[36mTRANSACTION (10.6ms)[0m  [1m[36mcommit transaction[0m
  ↳ app/controllers/users_controller.rb:20:in `create'
  [1m[36mUser Exists? (0.2ms)[0m  [1m[34mSELECT 1 AS one FROM "users" WHERE "users"."email" = ? AND "users"."id" != ? LIMIT ?[0m  [["email", "sundus01@gmail.com"], ["id", 2], ["LIMIT", 1]]
  ↳ app/controllers/users_controller.rb:22:in `create'
Completed 201 Created in 337ms (Views: 0.6ms | ActiveRecord: 11.5ms | Allocations: 3588)


Started GET "/users/all" for 127.0.0.1 at 2023-04-18 11:38:42 +0300
  [1m[36mActiveRecord::SchemaMigration Pluck (0.2ms)[0m  [1m[34mSELECT "schema_migrations"."version" FROM "schema_migrations" ORDER BY "schema_migrations"."version" ASC[0m
Processing by UsersController#index as */*
  Parameters: {"username"=>"sundus", "email"=>"sundus01@gmail.com", "password"=>"[FILTERED]", "user"=>{"username"=>"sundus", "email"=>"sundus01@gmail.com"}}
Filter chain halted as :authorized rendered or redirected
Completed 401 Unauthorized in 1ms (Views: 0.4ms | ActiveRecord: 0.8ms | Allocations: 390)


Started GET "/users/all" for 127.0.0.1 at 2023-04-18 11:39:55 +0300
  
ArgumentError (Before process_action callback :authorized has not been defined):
  
app/controllers/users_controller.rb:3:in `<class:UsersController>'
app/controllers/users_controller.rb:1:in `<top (required)>'
Started GET "/users/all" for 127.0.0.1 at 2023-04-18 11:40:28 +0300
Processing by UsersController#index as */*
  Parameters: {"username"=>"sundus", "email"=>"sundus01@gmail.com", "password"=>"[FILTERED]", "user"=>{"username"=>"sundus", "email"=>"sundus01@gmail.com"}}
  [1m[36mUser Load (0.2ms)[0m  [1m[34mSELECT "users".* FROM "users"[0m
  ↳ app/controllers/users_controller.rb:9:in `index'
Completed 200 OK in 70ms (Views: 42.4ms | ActiveRecord: 1.4ms | Allocations: 38124)


Started POST "/login" for 127.0.0.1 at 2023-04-18 11:46:10 +0300
Processing by AuthController#create as */*
  Parameters: {"username"=>"sundus", "password"=>"[FILTERED]", "auth"=>{"username"=>"sundus", "password"=>"[FILTERED]"}}
[31mUnpermitted parameter: :auth. Context: { controller: AuthController, action: create, request: #<ActionDispatch::Request:0x00007fc30c536958>, params: {"username"=>"sundus", "password"=>"[FILTERED]", "controller"=>"auth", "action"=>"create", "auth"=>{"username"=>"sundus", "password"=>"[FILTERED]"}} }[0m
  [1m[36mUser Load (0.3ms)[0m  [1m[34mSELECT "users".* FROM "users" WHERE "users"."username" = ? LIMIT ?[0m  [["username", "sundus"], ["LIMIT", 1]]
  ↳ app/controllers/auth_controller.rb:5:in `create'
[31mUnpermitted parameter: :auth. Context: { controller: AuthController, action: create, request: #<ActionDispatch::Request:0x00007fc30c536958>, params: {"username"=>"sundus", "password"=>"[FILTERED]", "controller"=>"auth", "action"=>"create", "auth"=>{"username"=>"sundus", "password"=>"[FILTERED]"}} }[0m
Completed 500 Internal Server Error in 331ms (ActiveRecord: 0.6ms | Allocations: 4112)


  
NameError (uninitialized constant AuthController::UserSerializer
Did you mean?  UsersController):
  
app/controllers/auth_controller.rb:11:in `create'
Started POST "/login" for 127.0.0.1 at 2023-04-18 11:46:41 +0300
Processing by AuthController#create as */*
  Parameters: {"username"=>"sundus", "password"=>"[FILTERED]", "auth"=>{"username"=>"sundus", "password"=>"[FILTERED]"}}
[31mUnpermitted parameter: :auth. Context: { controller: AuthController, action: create, request: #<ActionDispatch::Request:0x00007fc30cb8e198>, params: {"username"=>"sundus", "password"=>"[FILTERED]", "controller"=>"auth", "action"=>"create", "auth"=>{"username"=>"sundus", "password"=>"[FILTERED]"}} }[0m
  [1m[36mUser Load (0.4ms)[0m  [1m[34mSELECT "users".* FROM "users" WHERE "users"."username" = ? LIMIT ?[0m  [["username", "sundus"], ["LIMIT", 1]]
  ↳ app/controllers/auth_controller.rb:5:in `create'
[31mUnpermitted parameter: :auth. Context: { controller: AuthController, action: create, request: #<ActionDispatch::Request:0x00007fc30cb8e198>, params: {"username"=>"sundus", "password"=>"[FILTERED]", "controller"=>"auth", "action"=>"create", "auth"=>{"username"=>"sundus", "password"=>"[FILTERED]"}} }[0m
Completed 202 Accepted in 337ms (Views: 0.4ms | ActiveRecord: 1.9ms | Allocations: 4469)


